*** SAMPLE OUTPUT ***

Here is a summary of the information from Bill Gates's LinkedIn profile:

Current and Past Work Jobs:
1. Co-chair at Bill & Melinda Gates Foundation (2000 - Present)
2. Founder at Breakthrough Energy (2015 - Present)
3. Co-founder at Microsoft (1975 - Present)

Education Background:
- Harvard University (1973 - 1975)
- Lakeside School

Interests:
- Top Voices
- Companies
- Newsletters
- Schools

Other Information:
- Bill Gates is a Co-chair of the Bill & Melinda Gates Foundation, Founder of Breakthrough Energy, and Co-founder of Microsoft.
- He is a voracious reader and avid traveler.
- Bill Gates is an active blogger.
- He has recently announced his new book, "Source Code," which is a memoir of his early years.
- Bill Gates engages with a wide range of topics on his LinkedIn profile, including global issues, clean energy, and achievements in healthcare.
- He is dedicated to inspiring conversations about important issues and encouraging collaboration for progress.